<?xml version="1.0" encoding="UTF-8"?>
<!-- Generated by org.testng.reporters.JUnitReportReporter -->
<testsuite hostname="admin" failures="0" tests="4" name="api.test.UserTest2" time="8.282" errors="0" timestamp="2023-08-17T10:57:16 IST" skipped="0">
  <testcase classname="api.test.UserTest2" name="testPostUser" time="3.643"/>
  <system-out/>
  <testcase classname="api.test.UserTest2" name="testGetUserByName" time="1.165"/>
  <system-out/>
  <testcase classname="api.test.UserTest2" name="testUpdateUserByName" time="2.243"/>
  <system-out/>
  <testcase classname="api.test.UserTest2" name="testDeleteUserByName" time="1.231"/>
  <system-out/>
</testsuite> <!-- api.test.UserTest2 -->
