<?xml version="1.0" encoding="UTF-8"?>
<!-- Generated by org.testng.reporters.JUnitReportReporter -->
<testsuite hostname="admin" failures="0" tests="6" name="api.test.DDTests" time="8.719" errors="0" timestamp="2023-08-15T14:50:20 IST" skipped="0">
  <testcase classname="api.test.DDTests" name="testPostUser" time="2.599"/>
  <system-out/>
  <testcase classname="api.test.DDTests" name="testPostUser" time="1.127"/>
  <system-out/>
  <testcase classname="api.test.DDTests" name="testPostUser" time="1.277"/>
  <system-out/>
  <testcase classname="api.test.DDTests" name="testDeleteUserByName" time="1.342"/>
  <system-out/>
  <testcase classname="api.test.DDTests" name="testDeleteUserByName" time="1.228"/>
  <system-out/>
  <testcase classname="api.test.DDTests" name="testDeleteUserByName" time="1.146"/>
  <system-out/>
</testsuite> <!-- api.test.DDTests -->
