<?xml version="1.0" encoding="UTF-8"?>
<!-- Generated by org.testng.reporters.JUnitReportReporter -->
<testsuite hostname="admin" failures="0" tests="4" name="api.test.UserTest" time="8.001" errors="0" timestamp="2023-08-14T18:55:00 IST" skipped="0">
  <testcase classname="api.test.UserTest" name="testPostUser" time="2.989"/>
  <system-out/>
  <testcase classname="api.test.UserTest" name="testGetUserByName" time="1.343"/>
  <system-out/>
  <testcase classname="api.test.UserTest" name="testUpdateUserByName" time="2.441"/>
  <system-out/>
  <testcase classname="api.test.UserTest" name="testDeleteUserByName" time="1.228"/>
  <system-out/>
</testsuite> <!-- api.test.UserTest -->
