<?xml version="1.0" encoding="UTF-8"?>
<!-- Generated by org.testng.reporters.JUnitReportReporter -->
<testsuite hostname="admin" failures="0" tests="4" name="api.test.UserTest2" time="7.136" errors="0" timestamp="2023-08-17T11:59:00 IST" skipped="0">
  <testcase classname="api.test.UserTest2" name="testPostUser" time="2.670"/>
  <system-out/>
  <testcase classname="api.test.UserTest2" name="testGetUserByName" time="1.145"/>
  <system-out/>
  <testcase classname="api.test.UserTest2" name="testUpdateUserByName" time="2.194"/>
  <system-out/>
  <testcase classname="api.test.UserTest2" name="testDeleteUserByName" time="1.127"/>
  <system-out/>
</testsuite> <!-- api.test.UserTest2 -->
